<?xml version="1.0" encoding="UTF-8"?>
<testng-results skipped="0" failed="0" total="1" passed="1">
  <reporter-output>
  </reporter-output>
  <suite name="Command line suite" duration-ms="160989" started-at="2014-09-11T08:30:09Z" finished-at="2014-09-11T08:32:50Z">
    <groups>
    </groups>
    <test name="Command line test" duration-ms="160989" started-at="2014-09-11T08:30:09Z" finished-at="2014-09-11T08:32:50Z">
      <class name="com.nexii.testing.NexiiContactTest">
        <test-method status="PASS" signature="contactUs()[pri:0, instance:com.nexii.testing.NexiiContactTest@1fe910c]" name="contactUs" duration-ms="160974" started-at="2014-09-11T14:00:09Z" finished-at="2014-09-11T14:02:50Z">
          <reporter-output>
          </reporter-output>
        </test-method> <!-- contactUs -->
      </class> <!-- com.nexii.testing.NexiiContactTest -->
      <class name="com.nexii.testing.TestBase">
        <test-method status="PASS" signature="beforeSuite()[pri:0, instance:com.nexii.testing.TestBase@1c27402]" name="beforeSuite" is-config="true" duration-ms="190" started-at="2014-09-11T14:00:09Z" finished-at="2014-09-11T14:00:09Z">
          <reporter-output>
          </reporter-output>
        </test-method> <!-- beforeSuite -->
      </class> <!-- com.nexii.testing.TestBase -->
    </test> <!-- Command line test -->
  </suite> <!-- Command line suite -->
</testng-results>
